\BOOKMARK [1][-]{section*.1}{\376\377\000A\000b\000s\000t\000r\000a\000c\000t}{}% 1
\BOOKMARK [1][-]{section.1}{\376\377\0001\000\040\000I\000n\000t\000r\000o\000d\000u\000c\000t\000i\000o\000n}{}% 2
\BOOKMARK [1][-]{section.2}{\376\377\0002\000\040\000S\000y\000s\000t\000e\000m\000\040\000A\000r\000c\000h\000i\000t\000e\000c\000t\000u\000r\000e\000\040\000D\000e\000s\000i\000g\000n}{}% 3
\BOOKMARK [2][-]{subsection.2.1}{\376\377\0002\000.\0001\000\040\000U\000n\000i\000f\000i\000e\000d\000\040\0006\0004\000-\000b\000i\000t\000\040\000A\000d\000d\000r\000e\000s\000s\000\040\000T\000o\000p\000o\000l\000o\000g\000y}{section.2}% 4
\BOOKMARK [2][-]{subsection.2.2}{\376\377\0002\000.\0002\000\040\000C\000o\000n\000c\000u\000r\000r\000e\000n\000t\000\040\000L\000o\000c\000k\000-\000F\000r\000e\000e\000\040\000O\000b\000j\000e\000c\000t\000\040\000I\000n\000d\000e\000x\000i\000n\000g}{section.2}% 5
\BOOKMARK [2][-]{subsection.2.3}{\376\377\0002\000.\0003\000\040\000L\000i\000n\000e\000a\000r\000\040\000E\000x\000t\000e\000n\000t\000\040\000T\000r\000a\000n\000s\000l\000a\000t\000i\000o\000n\000\040\000M\000a\000t\000r\000i\000x}{section.2}% 6
\BOOKMARK [2][-]{subsection.2.4}{\376\377\0002\000.\0004\000\040\000P\000r\000e\000d\000i\000c\000t\000i\000v\000e\000\040\000S\000p\000a\000t\000i\000a\000l\000\040\000P\000r\000e\000-\000F\000e\000t\000c\000h\000i\000n\000g\000\040\000A\000r\000c\000h\000i\000t\000e\000c\000t\000u\000r\000e}{section.2}% 7
\BOOKMARK [1][-]{section.3}{\376\377\0003\000\040\000H\000a\000r\000d\000w\000a\000r\000e\000\040\000I\000n\000t\000e\000g\000r\000a\000t\000i\000o\000n\000\040\000a\000n\000d\000\040\000M\000u\000l\000t\000i\000-\000C\000o\000r\000e\000\040\000S\000c\000a\000l\000a\000b\000i\000l\000i\000t\000y}{}% 8
\BOOKMARK [2][-]{subsection.3.1}{\376\377\0003\000.\0001\000\040\000N\000V\000M\000e\000\040\000S\000u\000b\000m\000i\000s\000s\000i\000o\000n\000\040\000a\000n\000d\000\040\000C\000o\000m\000p\000l\000e\000t\000i\000o\000n\000\040\000Q\000u\000e\000u\000e\000\040\000A\000r\000c\000h\000i\000t\000e\000c\000t\000u\000r\000e}{section.3}% 9
\BOOKMARK [2][-]{subsection.3.2}{\376\377\0003\000.\0002\000\040\000S\000y\000m\000m\000e\000t\000r\000i\000c\000\040\000M\000u\000l\000t\000i\000p\000r\000o\000c\000e\000s\000s\000i\000n\000g\000\040\000B\000o\000o\000t\000s\000t\000r\000a\000p}{section.3}% 10
\BOOKMARK [2][-]{subsection.3.3}{\376\377\0003\000.\0003\000\040\000D\000i\000s\000t\000r\000i\000b\000u\000t\000e\000d\000\040\000I\000n\000t\000e\000r\000r\000u\000p\000t\000\040\000R\000o\000u\000t\000i\000n\000g\000\040\000v\000i\000a\000\040\000A\000P\000I\000C}{section.3}% 11
\BOOKMARK [1][-]{section.4}{\376\377\0004\000\040\000M\000e\000m\000o\000r\000y\000\040\000P\000r\000o\000t\000e\000c\000t\000i\000o\000n\000\040\000a\000n\000d\000\040\000D\000a\000t\000a\000\040\000P\000r\000i\000v\000a\000c\000y\000\040\000a\000t\000\040\000R\000e\000s\000t}{}% 12
\BOOKMARK [2][-]{subsection.4.1}{\376\377\0004\000.\0001\000\040\000H\000a\000r\000d\000w\000a\000r\000e\000-\000E\000n\000f\000o\000r\000c\000e\000d\000\040\000C\000a\000p\000a\000b\000i\000l\000i\000t\000y\000\040\000A\000c\000c\000e\000s\000s\000\040\000C\000o\000n\000t\000r\000o\000l}{section.4}% 13
\BOOKMARK [2][-]{subsection.4.2}{\376\377\0004\000.\0002\000\040\000P\000a\000r\000a\000l\000l\000e\000l\000\040\000A\000V\000X\000-\0005\0001\0002\000\040\000C\000r\000y\000p\000t\000o\000g\000r\000a\000p\000h\000i\000c\000\040\000P\000a\000g\000e\000\040\000S\000e\000a\000l\000i\000n\000g}{section.4}% 14
\BOOKMARK [2][-]{subsection.4.3}{\376\377\0004\000.\0003\000\040\000L\000a\000z\000y\000\040\000F\000l\000o\000a\000t\000i\000n\000g\000-\000P\000o\000i\000n\000t\000\040\000C\000o\000n\000t\000e\000x\000t\000\040\000S\000w\000i\000t\000c\000h\000i\000n\000g}{section.4}% 15
\BOOKMARK [1][-]{section.5}{\376\377\0005\000\040\000C\000r\000a\000s\000h\000\040\000C\000o\000n\000s\000i\000s\000t\000e\000n\000c\000y\000\040\000a\000n\000d\000\040\000D\000i\000s\000t\000r\000i\000b\000u\000t\000e\000d\000\040\000F\000a\000u\000l\000t\000\040\000T\000o\000l\000e\000r\000a\000n\000c\000e}{}% 16
\BOOKMARK [2][-]{subsection.5.1}{\376\377\0005\000.\0001\000\040\000W\000r\000i\000t\000e\000-\000A\000h\000e\000a\000d\000\040\000J\000o\000u\000r\000n\000a\000l\000i\000n\000g\000\040\000a\000n\000d\000\040\000O\000b\000j\000e\000c\000t\000\040\000D\000i\000r\000e\000c\000t\000o\000r\000y}{section.5}% 17
\BOOKMARK [2][-]{subsection.5.2}{\376\377\0005\000.\0002\000\040\000I\000n\000-\000K\000e\000r\000n\000e\000l\000\040\000R\000a\000f\000t\000-\000L\000i\000t\000e\000\040\000C\000o\000n\000s\000e\000n\000s\000u\000s\000\040\000E\000n\000g\000i\000n\000e}{section.5}% 18
\BOOKMARK [2][-]{subsection.5.3}{\376\377\0005\000.\0003\000\040\000D\000i\000s\000t\000r\000i\000b\000u\000t\000e\000d\000\040\000S\000L\000S\000\040\000P\000a\000g\000e\000\040\000P\000r\000o\000t\000o\000c\000o\000l\000\040\000\050\000D\000S\000P\000P\000\051}{section.5}% 19
\BOOKMARK [1][-]{section.6}{\376\377\0006\000\040\000E\000v\000a\000l\000u\000a\000t\000i\000o\000n\000\040\000a\000n\000d\000\040\000E\000x\000p\000e\000r\000i\000m\000e\000n\000t\000a\000l\000\040\000R\000e\000s\000u\000l\000t\000s}{}% 20
\BOOKMARK [2][-]{subsection.6.1}{\376\377\0006\000.\0001\000\040\000E\000x\000p\000e\000r\000i\000m\000e\000n\000t\000a\000l\000\040\000S\000e\000t\000u\000p}{section.6}% 21
\BOOKMARK [2][-]{subsection.6.2}{\376\377\0006\000.\0002\000\040\000M\000e\000m\000o\000r\000y\000\040\000R\000e\000s\000o\000l\000u\000t\000i\000o\000n\000\040\000A\000b\000s\000t\000r\000a\000c\000t\000i\000o\000n\000\040\000T\000a\000x}{section.6}% 22
\BOOKMARK [2][-]{subsection.6.3}{\376\377\0006\000.\0003\000\040\000C\000o\000r\000e\000\040\000S\000c\000h\000e\000d\000u\000l\000e\000r\000\040\000C\000o\000n\000t\000e\000x\000t\000-\000S\000w\000i\000t\000c\000h\000\040\000J\000i\000t\000t\000e\000r}{section.6}% 23
\BOOKMARK [1][-]{section.7}{\376\377\0007\000\040\000R\000e\000l\000a\000t\000e\000d\000\040\000W\000o\000r\000k}{}% 24
\BOOKMARK [1][-]{section.8}{\376\377\0008\000\040\000C\000o\000n\000c\000l\000u\000s\000i\000o\000n\000\040\000a\000n\000d\000\040\000F\000u\000t\000u\000r\000e\000\040\000W\000o\000r\000k}{}% 25
\BOOKMARK [2][-]{subsection.8.1}{\376\377\0008\000.\0001\000\040\000H\000e\000t\000e\000r\000o\000g\000e\000n\000e\000o\000u\000s\000\040\000A\000r\000c\000h\000i\000t\000e\000c\000t\000u\000r\000e\000\040\000a\000n\000d\000\040\000P\000r\000o\000t\000o\000c\000o\000l\000\040\000S\000c\000a\000l\000i\000n\000g}{section.8}% 26
\BOOKMARK [2][-]{subsection.8.2}{\376\377\0008\000.\0002\000\040\000H\000a\000r\000d\000w\000a\000r\000e\000-\000A\000c\000c\000e\000l\000e\000r\000a\000t\000e\000d\000\040\000R\000D\000M\000A\000\040\000o\000v\000e\000r\000\040\000C\000o\000n\000v\000e\000r\000g\000e\000d\000\040\000E\000t\000h\000e\000r\000n\000e\000t}{section.8}% 27
\BOOKMARK [2][-]{subsection.8.3}{\376\377\0008\000.\0003\000\040\000S\000L\000S\000-\000A\000w\000a\000r\000e\000\040\000C\000o\000m\000p\000i\000l\000e\000r\000\040\000P\000l\000u\000g\000i\000n\000s\000\040\000f\000o\000r\000\040\000L\000e\000g\000a\000c\000y\000\040\000R\000u\000n\000t\000i\000m\000e\000s}{section.8}% 28
\BOOKMARK [1][-]{section*.12}{\376\377\000R\000e\000f\000e\000r\000e\000n\000c\000e\000s}{}% 29
